<?xml version="1.0" encoding="UTF-8"?>
<!-- Generated by org.testng.reporters.JUnitXMLReporter -->
<testsuite hostname="KDUGGIRA-LAP" ignored="4" name="Test2" tests="4" failures="0" timestamp="23 Feb 2020 17:11:59 GMT" time="0.054" errors="0">
  <testcase name="test3" time="0.001" classname="TestNGPractice.AnnotationTest2"/>
  <testcase name="test4" time="0.001" classname="TestNGPractice.AnnotationTest2"/>
  <testcase name="test5" time="0.004" classname="TestNGPractice.AnnotationTest2"/>
  <testcase name="test6" time="0.03" classname="TestNGPractice.AnnotationTest3"/>
  <testcase name="@BeforeTest beforeTest" time="0.0" classname="TestNGPractice.TestBase">
    <ignored/>
  </testcase> <!-- @BeforeTest beforeTest -->
  <testcase name="@AfterTest afterTest" time="0.0" classname="TestNGPractice.TestBase">
    <ignored/>
  </testcase> <!-- @AfterTest afterTest -->
  <testcase name="@BeforeSuite beforeSuite" time="0.0" classname="TestNGPractice.TestBase">
    <ignored/>
  </testcase> <!-- @BeforeSuite beforeSuite -->
  <testcase name="@AfterSuite afterSuite" time="0.0" classname="TestNGPractice.TestBase">
    <ignored/>
  </testcase> <!-- @AfterSuite afterSuite -->
</testsuite> <!-- Test2 -->
