<?xml version="1.0" encoding="UTF-8"?>
<!-- Generated by org.testng.reporters.JUnitXMLReporter -->
<testsuite hostname="KDUGGIRA-LAP" ignored="0" name="Test1" tests="8" failures="0" timestamp="26 Nov 2020 15:53:41 GMT" time="0.082" errors="0">
  <testcase name="test1" time="0.016" classname="Package1.P1Class1"/>
  <testcase name="test2" time="0.007" classname="Package1.P1Class1"/>
  <testcase name="test1" time="0.003" classname="Package2.P2Class1"/>
  <testcase name="test2" time="0.002" classname="Package2.P2Class1"/>
  <testcase name="test1" time="0.003" classname="Package1.P1Class2"/>
  <testcase name="test2" time="0.002" classname="Package1.P1Class2"/>
  <testcase name="test1" time="0.002" classname="Package2.P2Class2"/>
  <testcase name="test2" time="0.001" classname="Package2.P2Class2"/>
</testsuite> <!-- Test1 -->
