<?xml version="1.0" encoding="UTF-8"?>
<!-- Generated by org.testng.reporters.JUnitXMLReporter -->
<testsuite hostname="KDUGGIRA-LAP" ignored="2" name="Test" tests="3" failures="1" timestamp="26 Nov 2020 13:44:39 GMT" time="0.046" errors="0">
  <testcase name="runTest2" time="0.008" classname="TestNGPractice.Grouping">
    <failure type="java.lang.AssertionError" message="expected [true] but found [false]">
      <![CDATA[java.lang.AssertionError: expected [true] but found [false]
	at TestNGPractice.Grouping.runTest2(Grouping.java:107)
... Removed 29 stack frames]]>
    </failure>
  </testcase> <!-- runTest2 -->
  <testcase name="runTest4" time="0.002" classname="TestNGPractice.Grouping"/>
  <testcase name="runTest5" time="0.002" classname="TestNGPractice.Grouping"/>
  <testcase name="runTest1" time="0.0" classname="TestNGPractice.Grouping">
    <ignored/>
  </testcase> <!-- runTest1 -->
  <testcase name="runTest3" time="0.0" classname="TestNGPractice.Grouping">
    <ignored/>
  </testcase> <!-- runTest3 -->
</testsuite> <!-- Test -->
