<?xml version="1.0" encoding="UTF-8"?>
<!-- Generated by org.testng.reporters.JUnitXMLReporter -->
<testsuite hostname="KDUGGIRA-LAP" ignored="0" name="Test1" tests="8" failures="0" timestamp="23 Feb 2020 17:11:59 GMT" time="0.101" errors="0">
  <testcase name="test1" time="0.005" classname="Package1.P1Class1"/>
  <testcase name="test2" time="0.037" classname="Package1.P1Class1"/>
  <testcase name="test1" time="0.004" classname="Package2.P2Class1"/>
  <testcase name="test2" time="0.0" classname="Package2.P2Class1"/>
  <testcase name="test1" time="0.012" classname="Package1.P1Class2"/>
  <testcase name="test2" time="0.004" classname="Package1.P1Class2"/>
  <testcase name="test1" time="0.0" classname="Package2.P2Class2"/>
  <testcase name="test2" time="0.0" classname="Package2.P2Class2"/>
</testsuite> <!-- Test1 -->
