<?xml version="1.0" encoding="UTF-8"?>
<testng-results skipped="0" failed="0" ignored="0" total="8" passed="8">
  <reporter-output>
  </reporter-output>
  <suite name="Suite" duration-ms="82" started-at="2020-11-26T15:53:41Z" finished-at="2020-11-26T15:53:41Z">
    <groups>
    </groups>
    <test name="Test1" duration-ms="82" started-at="2020-11-26T15:53:41Z" finished-at="2020-11-26T15:53:41Z">
      <class name="Package1.P1Class2">
        <test-method status="PASS" signature="test1()[pri:0, instance:Package1.P1Class2@7c0e2abd]" name="test1" duration-ms="3" started-at="2020-11-26T21:23:41Z" finished-at="2020-11-26T21:23:41Z">
          <reporter-output>
          </reporter-output>
        </test-method> <!-- test1 -->
        <test-method status="PASS" signature="test2()[pri:0, instance:Package1.P1Class2@7c0e2abd]" name="test2" duration-ms="2" started-at="2020-11-26T21:23:41Z" finished-at="2020-11-26T21:23:41Z">
          <reporter-output>
          </reporter-output>
        </test-method> <!-- test2 -->
      </class> <!-- Package1.P1Class2 -->
      <class name="Package2.P2Class2">
        <test-method status="PASS" signature="test1()[pri:0, instance:Package2.P2Class2@402f32ff]" name="test1" duration-ms="2" started-at="2020-11-26T21:23:41Z" finished-at="2020-11-26T21:23:41Z">
          <reporter-output>
          </reporter-output>
        </test-method> <!-- test1 -->
        <test-method status="PASS" signature="test2()[pri:0, instance:Package2.P2Class2@402f32ff]" name="test2" duration-ms="1" started-at="2020-11-26T21:23:41Z" finished-at="2020-11-26T21:23:41Z">
          <reporter-output>
          </reporter-output>
        </test-method> <!-- test2 -->
      </class> <!-- Package2.P2Class2 -->
      <class name="Package1.P1Class1">
        <test-method status="PASS" signature="test1()[pri:0, instance:Package1.P1Class1@6a2bcfcb]" name="test1" duration-ms="16" started-at="2020-11-26T21:23:41Z" finished-at="2020-11-26T21:23:41Z">
          <reporter-output>
          </reporter-output>
        </test-method> <!-- test1 -->
        <test-method status="PASS" signature="test2()[pri:0, instance:Package1.P1Class1@6a2bcfcb]" name="test2" duration-ms="7" started-at="2020-11-26T21:23:41Z" finished-at="2020-11-26T21:23:41Z">
          <reporter-output>
          </reporter-output>
        </test-method> <!-- test2 -->
      </class> <!-- Package1.P1Class1 -->
      <class name="Package2.P2Class1">
        <test-method status="PASS" signature="test1()[pri:0, instance:Package2.P2Class1@48eff760]" name="test1" duration-ms="3" started-at="2020-11-26T21:23:41Z" finished-at="2020-11-26T21:23:41Z">
          <reporter-output>
          </reporter-output>
        </test-method> <!-- test1 -->
        <test-method status="PASS" signature="test2()[pri:0, instance:Package2.P2Class1@48eff760]" name="test2" duration-ms="2" started-at="2020-11-26T21:23:41Z" finished-at="2020-11-26T21:23:41Z">
          <reporter-output>
          </reporter-output>
        </test-method> <!-- test2 -->
      </class> <!-- Package2.P2Class1 -->
    </test> <!-- Test1 -->
  </suite> <!-- Suite -->
</testng-results>
